<?xml version="1.0" encoding="UTF-8"?>
<!-- Generated by org.testng.reporters.JUnitReportReporter -->
<testsuite hostname="Shraddha" failures="0" tests="1" name="com.testLayer.SellShare" time="20.773" errors="0" timestamp="2022-10-25T10:19:23 PDT" skipped="0">
  <testcase classname="com.testLayer.SellShare" name="sellShare" time="20.773"/>
  <system-out/>
</testsuite> <!-- com.testLayer.SellShare -->
