<?xml version="1.0" encoding="UTF-8"?>
<!-- Generated by org.testng.reporters.JUnitReportReporter -->
<testsuite hostname="Shraddha" failures="0" tests="1" name="com.testLayer.LoginPageTest" time="21.375" errors="0" timestamp="2022-10-23T10:56:45 PDT" skipped="0">
  <testcase classname="com.testLayer.LoginPageTest" name="verifyLoginpage" time="21.375"/>
  <system-out/>
</testsuite> <!-- com.testLayer.LoginPageTest -->
