<?xml version="1.0" encoding="UTF-8"?>
<!-- Generated by org.testng.reporters.JUnitReportReporter -->
<testsuite hostname="Shraddha" failures="0" tests="1" name="com.testBase.TestBase" time="75.419" errors="0" timestamp="2022-10-22T11:25:07 PDT" skipped="0">
  <testcase classname="com.testBase.TestBase" name="setUp" time="75.419"/>
  <system-out/>
</testsuite> <!-- com.testBase.TestBase -->
