<?xml version="1.0" encoding="UTF-8"?>
<!-- Generated by org.testng.reporters.JUnitReportReporter -->
<testsuite hostname="Shraddha" failures="0" tests="1" name="com.testLayer.PrintTransaction" time="34.157" errors="0" timestamp="2022-10-25T08:36:21 PDT" skipped="0">
  <testcase classname="com.testLayer.PrintTransaction" name="getTransection" time="34.157"/>
  <system-out/>
</testsuite> <!-- com.testLayer.PrintTransaction -->
